{"E:\\server\\New folder\\server\\src\\ticTacToe\\ticTacToe.controller.ts": {"path":"E:\\server\\New folder\\server\\src\\ticTacToe\\ticTacToe.controller.ts","statementMap":{"0":{"start":{"line":1,"column":0},"end":{"line":1,"column":99}},"1":{"start":{"line":5,"column":0},"end":{"line":5,"column":61}},"2":{"start":{"line":6,"column":0},"end":{"line":6,"column":67}},"3":{"start":{"line":7,"column":0},"end":{"line":7,"column":55}},"4":{"start":{"line":8,"column":0},"end":{"line":8,"column":47}},"5":{"start":{"line":11,"column":0},"end":{"line":11,"column":55}},"6":{"start":{"line":14,"column":0},"end":{"line":14,"column":63}},"7":{"start":{"line":18,"column":0},"end":{"line":18,"column":69}},"8":{"start":{"line":21,"column":0},"end":{"line":21,"column":65}},"9":{"start":{"line":22,"column":0},"end":{"line":22,"column":68}},"10":{"start":{"line":23,"column":0},"end":{"line":23,"column":50}},"11":{"start":{"line":26,"column":0},"end":{"line":26,"column":59}},"12":{"start":{"line":29,"column":0},"end":{"line":239,"column":null}},"13":{"start":{"line":31,"column":29},"end":{"line":31,"column":53}},"14":{"start":{"line":32,"column":29},"end":{"line":32,"column":47}},"15":{"start":{"line":33,"column":29},"end":{"line":33,"column":47}},"16":{"start":{"line":34,"column":29},"end":{"line":34,"column":50}},"17":{"start":{"line":38,"column":27},"end":{"line":38,"column":84}},"18":{"start":{"line":39,"column":12},"end":{"line":39,"column":142}},"19":{"start":{"line":39,"column":25},"end":{"line":39,"column":142}},"20":{"start":{"line":40,"column":12},"end":{"line":40,"column":26}},"21":{"start":{"line":44,"column":26},"end":{"line":44,"column":76}},"22":{"start":{"line":45,"column":12},"end":{"line":45,"column":127}},"23":{"start":{"line":45,"column":24},"end":{"line":45,"column":127}},"24":{"start":{"line":46,"column":12},"end":{"line":46,"column":25}},"25":{"start":{"line":50,"column":12},"end":{"line":51,"column":135}},"26":{"start":{"line":51,"column":18},"end":{"line":51,"column":135}},"27":{"start":{"line":57,"column":28},"end":{"line":57,"column":77}},"28":{"start":{"line":58,"column":12},"end":{"line":58,"column":129}},"29":{"start":{"line":58,"column":26},"end":{"line":58,"column":129}},"30":{"start":{"line":59,"column":26},"end":{"line":59,"column":53}},"31":{"start":{"line":61,"column":28},"end":{"line":61,"column":93}},"32":{"start":{"line":62,"column":12},"end":{"line":62,"column":89}},"33":{"start":{"line":62,"column":26},"end":{"line":62,"column":89}},"34":{"start":{"line":64,"column":12},"end":{"line":64,"column":68}},"35":{"start":{"line":69,"column":27},"end":{"line":69,"column":84}},"36":{"start":{"line":71,"column":12},"end":{"line":71,"column":54}},"37":{"start":{"line":77,"column":30},"end":{"line":77,"column":94}},"38":{"start":{"line":79,"column":12},"end":{"line":79,"column":83}},"39":{"start":{"line":86,"column":26},"end":{"line":86,"column":57}},"40":{"start":{"line":87,"column":12},"end":{"line":87,"column":40}},"41":{"start":{"line":88,"column":12},"end":{"line":88,"column":56}},"42":{"start":{"line":90,"column":30},"end":{"line":90,"column":88}},"43":{"start":{"line":92,"column":12},"end":{"line":92,"column":73}},"44":{"start":{"line":93,"column":12},"end":{"line":93,"column":83}},"45":{"start":{"line":99,"column":30},"end":{"line":99,"column":93}},"46":{"start":{"line":100,"column":30},"end":{"line":100,"column":96}},"47":{"start":{"line":101,"column":24},"end":{"line":101,"column":84}},"48":{"start":{"line":102,"column":12},"end":{"line":102,"column":91}},"49":{"start":{"line":103,"column":12},"end":{"line":103,"column":85}},"50":{"start":{"line":105,"column":12},"end":{"line":105,"column":83}},"51":{"start":{"line":111,"column":26},"end":{"line":111,"column":57}},"52":{"start":{"line":112,"column":12},"end":{"line":113,"column":121}},"53":{"start":{"line":113,"column":18},"end":{"line":113,"column":121}},"54":{"start":{"line":115,"column":28},"end":{"line":115,"column":93}},"55":{"start":{"line":116,"column":12},"end":{"line":116,"column":115}},"56":{"start":{"line":116,"column":52},"end":{"line":116,"column":115}},"57":{"start":{"line":118,"column":12},"end":{"line":118,"column":53}},"58":{"start":{"line":125,"column":26},"end":{"line":125,"column":57}},"59":{"start":{"line":126,"column":12},"end":{"line":126,"column":40}},"60":{"start":{"line":127,"column":12},"end":{"line":127,"column":56}},"61":{"start":{"line":128,"column":28},"end":{"line":128,"column":81}},"62":{"start":{"line":129,"column":12},"end":{"line":129,"column":145}},"63":{"start":{"line":129,"column":26},"end":{"line":129,"column":145}},"64":{"start":{"line":131,"column":12},"end":{"line":131,"column":61}},"65":{"start":{"line":132,"column":12},"end":{"line":132,"column":82}},"66":{"start":{"line":139,"column":26},"end":{"line":139,"column":57}},"67":{"start":{"line":140,"column":12},"end":{"line":140,"column":40}},"68":{"start":{"line":142,"column":27},"end":{"line":142,"column":70}},"69":{"start":{"line":143,"column":12},"end":{"line":143,"column":87}},"70":{"start":{"line":145,"column":12},"end":{"line":145,"column":61}},"71":{"start":{"line":146,"column":12},"end":{"line":146,"column":82}},"72":{"start":{"line":153,"column":26},"end":{"line":153,"column":57}},"73":{"start":{"line":155,"column":27},"end":{"line":155,"column":70}},"74":{"start":{"line":156,"column":12},"end":{"line":156,"column":74}},"75":{"start":{"line":158,"column":12},"end":{"line":158,"column":61}},"76":{"start":{"line":159,"column":12},"end":{"line":159,"column":82}},"77":{"start":{"line":166,"column":26},"end":{"line":166,"column":57}},"78":{"start":{"line":167,"column":12},"end":{"line":168,"column":135}},"79":{"start":{"line":168,"column":18},"end":{"line":168,"column":135}},"80":{"start":{"line":170,"column":12},"end":{"line":170,"column":120}},"81":{"start":{"line":170,"column":52},"end":{"line":170,"column":120}},"82":{"start":{"line":172,"column":27},"end":{"line":172,"column":70}},"83":{"start":{"line":173,"column":26},"end":{"line":173,"column":102}},"84":{"start":{"line":174,"column":12},"end":{"line":174,"column":136}},"85":{"start":{"line":174,"column":24},"end":{"line":174,"column":136}},"86":{"start":{"line":175,"column":26},"end":{"line":175,"column":69}},"87":{"start":{"line":176,"column":12},"end":{"line":182,"column":null}},"88":{"start":{"line":177,"column":35},"end":{"line":177,"column":104}},"89":{"start":{"line":178,"column":34},"end":{"line":178,"column":103}},"90":{"start":{"line":179,"column":18},"end":{"line":180,"column":114}},"91":{"start":{"line":179,"column":55},"end":{"line":179,"column":148}},"92":{"start":{"line":180,"column":23},"end":{"line":180,"column":114}},"93":{"start":{"line":181,"column":18},"end":{"line":181,"column":62}},"94":{"start":{"line":184,"column":12},"end":{"line":184,"column":61}},"95":{"start":{"line":185,"column":12},"end":{"line":185,"column":82}},"96":{"start":{"line":192,"column":26},"end":{"line":192,"column":57}},"97":{"start":{"line":193,"column":27},"end":{"line":193,"column":70}},"98":{"start":{"line":195,"column":12},"end":{"line":195,"column":56}},"99":{"start":{"line":197,"column":12},"end":{"line":198,"column":135}},"100":{"start":{"line":198,"column":18},"end":{"line":198,"column":135}},"101":{"start":{"line":200,"column":12},"end":{"line":200,"column":82}},"102":{"start":{"line":201,"column":12},"end":{"line":201,"column":61}},"103":{"start":{"line":202,"column":12},"end":{"line":202,"column":82}},"104":{"start":{"line":209,"column":26},"end":{"line":209,"column":57}},"105":{"start":{"line":210,"column":27},"end":{"line":210,"column":70}},"106":{"start":{"line":212,"column":12},"end":{"line":213,"column":145}},"107":{"start":{"line":213,"column":18},"end":{"line":213,"column":145}},"108":{"start":{"line":215,"column":34},"end":{"line":215,"column":85}},"109":{"start":{"line":215,"column":63},"end":{"line":215,"column":84}},"110":{"start":{"line":216,"column":12},"end":{"line":217,"column":145}},"111":{"start":{"line":217,"column":18},"end":{"line":217,"column":145}},"112":{"start":{"line":218,"column":12},"end":{"line":218,"column":76}},"113":{"start":{"line":220,"column":12},"end":{"line":220,"column":61}},"114":{"start":{"line":221,"column":12},"end":{"line":221,"column":82}},"115":{"start":{"line":227,"column":26},"end":{"line":227,"column":57}},"116":{"start":{"line":229,"column":12},"end":{"line":230,"column":130}},"117":{"start":{"line":230,"column":18},"end":{"line":230,"column":130}},"118":{"start":{"line":232,"column":27},"end":{"line":232,"column":70}},"119":{"start":{"line":234,"column":12},"end":{"line":234,"column":74}},"120":{"start":{"line":236,"column":12},"end":{"line":236,"column":61}},"121":{"start":{"line":237,"column":12},"end":{"line":237,"column":82}},"122":{"start":{"line":56,"column":6},"end":{"line":65,"column":null}},"123":{"start":{"line":68,"column":6},"end":{"line":72,"column":null}},"124":{"start":{"line":76,"column":6},"end":{"line":80,"column":null}},"125":{"start":{"line":85,"column":6},"end":{"line":94,"column":null}},"126":{"start":{"line":98,"column":6},"end":{"line":106,"column":null}},"127":{"start":{"line":110,"column":6},"end":{"line":119,"column":null}},"128":{"start":{"line":124,"column":6},"end":{"line":133,"column":null}},"129":{"start":{"line":138,"column":6},"end":{"line":147,"column":null}},"130":{"start":{"line":152,"column":6},"end":{"line":160,"column":null}},"131":{"start":{"line":165,"column":6},"end":{"line":186,"column":null}},"132":{"start":{"line":191,"column":6},"end":{"line":203,"column":null}},"133":{"start":{"line":208,"column":6},"end":{"line":222,"column":null}},"134":{"start":{"line":226,"column":6},"end":{"line":238,"column":null}},"135":{"start":{"line":29,"column":13},"end":{"line":239,"column":null}},"136":{"start":{"line":29,"column":13},"end":{"line":29,"column":32}}},"fnMap":{"0":{"name":"(anonymous_4)","decl":{"start":{"line":30,"column":6},"end":{"line":30,"column":null}},"loc":{"start":{"line":34,"column":69},"end":{"line":35,"column":10}}},"1":{"name":"(anonymous_5)","decl":{"start":{"line":37,"column":14},"end":{"line":37,"column":19}},"loc":{"start":{"line":37,"column":59},"end":{"line":41,"column":7}}},"2":{"name":"(anonymous_6)","decl":{"start":{"line":43,"column":14},"end":{"line":43,"column":19}},"loc":{"start":{"line":43,"column":42},"end":{"line":47,"column":7}}},"3":{"name":"(anonymous_7)","decl":{"start":{"line":49,"column":14},"end":{"line":49,"column":19}},"loc":{"start":{"line":49,"column":51},"end":{"line":52,"column":7}}},"4":{"name":"(anonymous_8)","decl":{"start":{"line":56,"column":6},"end":{"line":56,"column":11}},"loc":{"start":{"line":56,"column":53},"end":{"line":65,"column":7}}},"5":{"name":"(anonymous_9)","decl":{"start":{"line":68,"column":6},"end":{"line":68,"column":11}},"loc":{"start":{"line":68,"column":56},"end":{"line":72,"column":7}}},"6":{"name":"(anonymous_10)","decl":{"start":{"line":76,"column":6},"end":{"line":76,"column":11}},"loc":{"start":{"line":76,"column":49},"end":{"line":80,"column":7}}},"7":{"name":"(anonymous_11)","decl":{"start":{"line":85,"column":6},"end":{"line":85,"column":11}},"loc":{"start":{"line":85,"column":78},"end":{"line":94,"column":7}}},"8":{"name":"(anonymous_12)","decl":{"start":{"line":98,"column":6},"end":{"line":98,"column":11}},"loc":{"start":{"line":98,"column":49},"end":{"line":106,"column":7}}},"9":{"name":"(anonymous_13)","decl":{"start":{"line":110,"column":6},"end":{"line":110,"column":11}},"loc":{"start":{"line":110,"column":76},"end":{"line":119,"column":7}}},"10":{"name":"(anonymous_14)","decl":{"start":{"line":124,"column":6},"end":{"line":124,"column":11}},"loc":{"start":{"line":124,"column":77},"end":{"line":133,"column":7}}},"11":{"name":"(anonymous_15)","decl":{"start":{"line":138,"column":6},"end":{"line":138,"column":11}},"loc":{"start":{"line":138,"column":77},"end":{"line":147,"column":7}}},"12":{"name":"(anonymous_16)","decl":{"start":{"line":152,"column":6},"end":{"line":152,"column":11}},"loc":{"start":{"line":152,"column":77},"end":{"line":160,"column":7}}},"13":{"name":"(anonymous_17)","decl":{"start":{"line":165,"column":6},"end":{"line":165,"column":11}},"loc":{"start":{"line":165,"column":80},"end":{"line":186,"column":7}}},"14":{"name":"(anonymous_18)","decl":{"start":{"line":191,"column":6},"end":{"line":191,"column":11}},"loc":{"start":{"line":191,"column":78},"end":{"line":203,"column":7}}},"15":{"name":"(anonymous_19)","decl":{"start":{"line":208,"column":6},"end":{"line":208,"column":11}},"loc":{"start":{"line":208,"column":67},"end":{"line":222,"column":7}}},"16":{"name":"(anonymous_20)","decl":{"start":{"line":215,"column":53},"end":{"line":215,"column":54}},"loc":{"start":{"line":215,"column":63},"end":{"line":215,"column":84}}},"17":{"name":"(anonymous_21)","decl":{"start":{"line":226,"column":6},"end":{"line":226,"column":11}},"loc":{"start":{"line":226,"column":77},"end":{"line":238,"column":7}}}},"branchMap":{"0":{"loc":{"start":{"line":39,"column":12},"end":{"line":39,"column":142}},"type":"if","locations":[{"start":{"line":39,"column":12},"end":{"line":39,"column":142}},{"start":{"line":39,"column":12},"end":{"line":39,"column":142}}]},"1":{"loc":{"start":{"line":45,"column":12},"end":{"line":45,"column":127}},"type":"if","locations":[{"start":{"line":45,"column":12},"end":{"line":45,"column":127}},{"start":{"line":45,"column":12},"end":{"line":45,"column":127}}]},"2":{"loc":{"start":{"line":50,"column":12},"end":{"line":51,"column":135}},"type":"if","locations":[{"start":{"line":50,"column":12},"end":{"line":51,"column":135}},{"start":{"line":50,"column":12},"end":{"line":51,"column":135}}]},"3":{"loc":{"start":{"line":58,"column":12},"end":{"line":58,"column":129}},"type":"if","locations":[{"start":{"line":58,"column":12},"end":{"line":58,"column":129}},{"start":{"line":58,"column":12},"end":{"line":58,"column":129}}]},"4":{"loc":{"start":{"line":62,"column":12},"end":{"line":62,"column":89}},"type":"if","locations":[{"start":{"line":62,"column":12},"end":{"line":62,"column":89}},{"start":{"line":62,"column":12},"end":{"line":62,"column":89}}]},"5":{"loc":{"start":{"line":112,"column":12},"end":{"line":113,"column":121}},"type":"if","locations":[{"start":{"line":112,"column":12},"end":{"line":113,"column":121}},{"start":{"line":112,"column":12},"end":{"line":113,"column":121}}]},"6":{"loc":{"start":{"line":116,"column":12},"end":{"line":116,"column":115}},"type":"if","locations":[{"start":{"line":116,"column":12},"end":{"line":116,"column":115}},{"start":{"line":116,"column":12},"end":{"line":116,"column":115}}]},"7":{"loc":{"start":{"line":116,"column":16},"end":{"line":116,"column":24}},"type":"binary-expr","locations":[{"start":{"line":116,"column":16},"end":{"line":116,"column":24}},{"start":{"line":116,"column":28},"end":{"line":116,"column":50}}]},"8":{"loc":{"start":{"line":129,"column":12},"end":{"line":129,"column":145}},"type":"if","locations":[{"start":{"line":129,"column":12},"end":{"line":129,"column":145}},{"start":{"line":129,"column":12},"end":{"line":129,"column":145}}]},"9":{"loc":{"start":{"line":167,"column":12},"end":{"line":168,"column":135}},"type":"if","locations":[{"start":{"line":167,"column":12},"end":{"line":168,"column":135}},{"start":{"line":167,"column":12},"end":{"line":168,"column":135}}]},"10":{"loc":{"start":{"line":170,"column":12},"end":{"line":170,"column":120}},"type":"if","locations":[{"start":{"line":170,"column":12},"end":{"line":170,"column":120}},{"start":{"line":170,"column":12},"end":{"line":170,"column":120}}]},"11":{"loc":{"start":{"line":174,"column":12},"end":{"line":174,"column":136}},"type":"if","locations":[{"start":{"line":174,"column":12},"end":{"line":174,"column":136}},{"start":{"line":174,"column":12},"end":{"line":174,"column":136}}]},"12":{"loc":{"start":{"line":176,"column":12},"end":{"line":182,"column":null}},"type":"if","locations":[{"start":{"line":176,"column":12},"end":{"line":182,"column":null}},{"start":{"line":176,"column":12},"end":{"line":182,"column":null}}]},"13":{"loc":{"start":{"line":176,"column":16},"end":{"line":176,"column":31}},"type":"binary-expr","locations":[{"start":{"line":176,"column":16},"end":{"line":176,"column":31}},{"start":{"line":176,"column":35},"end":{"line":176,"column":41}}]},"14":{"loc":{"start":{"line":179,"column":18},"end":{"line":180,"column":114}},"type":"if","locations":[{"start":{"line":179,"column":18},"end":{"line":180,"column":114}},{"start":{"line":179,"column":18},"end":{"line":180,"column":114}}]},"15":{"loc":{"start":{"line":197,"column":12},"end":{"line":198,"column":135}},"type":"if","locations":[{"start":{"line":197,"column":12},"end":{"line":198,"column":135}},{"start":{"line":197,"column":12},"end":{"line":198,"column":135}}]},"16":{"loc":{"start":{"line":212,"column":12},"end":{"line":213,"column":145}},"type":"if","locations":[{"start":{"line":212,"column":12},"end":{"line":213,"column":145}},{"start":{"line":212,"column":12},"end":{"line":213,"column":145}}]},"17":{"loc":{"start":{"line":216,"column":12},"end":{"line":217,"column":145}},"type":"if","locations":[{"start":{"line":216,"column":12},"end":{"line":217,"column":145}},{"start":{"line":216,"column":12},"end":{"line":217,"column":145}}]},"18":{"loc":{"start":{"line":229,"column":12},"end":{"line":230,"column":130}},"type":"if","locations":[{"start":{"line":229,"column":12},"end":{"line":230,"column":130}},{"start":{"line":229,"column":12},"end":{"line":230,"column":130}}]}},"s":{"0":5,"1":5,"2":5,"3":5,"4":5,"5":5,"6":5,"7":5,"8":5,"9":5,"10":5,"11":5,"12":5,"13":5,"14":5,"15":5,"16":5,"17":19,"18":19,"19":1,"20":18,"21":25,"22":25,"23":1,"24":24,"25":6,"26":1,"27":0,"28":0,"29":0,"30":0,"31":0,"32":0,"33":0,"34":0,"35":1,"36":1,"37":1,"38":1,"39":3,"40":2,"41":1,"42":1,"43":1,"44":1,"45":1,"46":1,"47":1,"48":1,"49":1,"50":1,"51":3,"52":3,"53":1,"54":2,"55":2,"56":1,"57":2,"58":3,"59":3,"60":3,"61":2,"62":2,"63":1,"64":1,"65":1,"66":1,"67":1,"68":1,"69":1,"70":1,"71":1,"72":1,"73":1,"74":1,"75":1,"76":1,"77":6,"78":6,"79":1,"80":5,"81":1,"82":4,"83":4,"84":4,"85":1,"86":3,"87":3,"88":2,"89":2,"90":2,"91":1,"92":1,"93":2,"94":3,"95":3,"96":2,"97":2,"98":2,"99":2,"100":1,"101":1,"102":1,"103":1,"104":4,"105":4,"106":4,"107":1,"108":3,"109":6,"110":3,"111":1,"112":2,"113":2,"114":2,"115":2,"116":2,"117":1,"118":1,"119":1,"120":1,"121":1,"122":5,"123":5,"124":5,"125":5,"126":5,"127":5,"128":5,"129":5,"130":5,"131":5,"132":5,"133":5,"134":5,"135":5,"136":5},"f":{"0":5,"1":19,"2":25,"3":6,"4":0,"5":1,"6":1,"7":3,"8":1,"9":3,"10":3,"11":1,"12":1,"13":6,"14":2,"15":4,"16":6,"17":2},"b":{"0":[1,18],"1":[1,24],"2":[1,5],"3":[0,0],"4":[0,0],"5":[1,2],"6":[1,1],"7":[2,1],"8":[1,1],"9":[1,5],"10":[1,4],"11":[1,3],"12":[2,1],"13":[3,3],"14":[1,1],"15":[1,1],"16":[1,3],"17":[1,2],"18":[1,1]}}
,"E:\\server\\New folder\\server\\src\\ticTacToe\\ticTacToe.gateway.ts": {"path":"E:\\server\\New folder\\server\\src\\ticTacToe\\ticTacToe.gateway.ts","statementMap":{"0":{"start":{"line":1,"column":0},"end":{"line":1,"column":43}},"1":{"start":{"line":2,"column":0},"end":{"line":2,"column":140}},"2":{"start":{"line":3,"column":0},"end":{"line":3,"column":49}},"3":{"start":{"line":6,"column":0},"end":{"line":6,"column":81}},"4":{"start":{"line":9,"column":0},"end":{"line":9,"column":59}},"5":{"start":{"line":10,"column":0},"end":{"line":10,"column":67}},"6":{"start":{"line":15,"column":0},"end":{"line":15,"column":65}},"7":{"start":{"line":18,"column":0},"end":{"line":18,"column":61}},"8":{"start":{"line":19,"column":0},"end":{"line":19,"column":61}},"9":{"start":{"line":20,"column":0},"end":{"line":20,"column":63}},"10":{"start":{"line":23,"column":0},"end":{"line":101,"column":null}},"11":{"start":{"line":24,"column":35},"end":{"line":24,"column":59}},"12":{"start":{"line":29,"column":6},"end":{"line":29,"column":67}},"13":{"start":{"line":29,"column":27},"end":{"line":29,"column":66}},"14":{"start":{"line":32,"column":28},"end":{"line":32,"column":87}},"15":{"start":{"line":33,"column":12},"end":{"line":33,"column":145}},"16":{"start":{"line":33,"column":26},"end":{"line":33,"column":145}},"17":{"start":{"line":37,"column":26},"end":{"line":37,"column":77}},"18":{"start":{"line":38,"column":12},"end":{"line":38,"column":115}},"19":{"start":{"line":42,"column":26},"end":{"line":42,"column":80}},"20":{"start":{"line":44,"column":12},"end":{"line":44,"column":119}},"21":{"start":{"line":48,"column":25},"end":{"line":48,"column":75}},"22":{"start":{"line":49,"column":12},"end":{"line":49,"column":125}},"23":{"start":{"line":49,"column":23},"end":{"line":49,"column":125}},"24":{"start":{"line":51,"column":12},"end":{"line":51,"column":24}},"25":{"start":{"line":57,"column":33},"end":{"line":57,"column":73}},"26":{"start":{"line":58,"column":12},"end":{"line":58,"column":64}},"27":{"start":{"line":59,"column":12},"end":{"line":59,"column":56}},"28":{"start":{"line":60,"column":12},"end":{"line":60,"column":54}},"29":{"start":{"line":62,"column":12},"end":{"line":62,"column":125}},"30":{"start":{"line":68,"column":33},"end":{"line":68,"column":73}},"31":{"start":{"line":70,"column":12},"end":{"line":70,"column":130}},"32":{"start":{"line":76,"column":33},"end":{"line":76,"column":73}},"33":{"start":{"line":77,"column":12},"end":{"line":86,"column":null}},"34":{"start":{"line":78,"column":38},"end":{"line":78,"column":70}},"35":{"start":{"line":79,"column":38},"end":{"line":79,"column":58}},"36":{"start":{"line":80,"column":18},"end":{"line":80,"column":114}},"37":{"start":{"line":82,"column":18},"end":{"line":85,"column":null}},"38":{"start":{"line":83,"column":24},"end":{"line":83,"column":118}},"39":{"start":{"line":84,"column":24},"end":{"line":84,"column":63}},"40":{"start":{"line":87,"column":12},"end":{"line":87,"column":140}},"41":{"start":{"line":91,"column":12},"end":{"line":99,"column":null}},"42":{"start":{"line":92,"column":34},"end":{"line":92,"column":57}},"43":{"start":{"line":93,"column":31},"end":{"line":93,"column":98}},"44":{"start":{"line":94,"column":18},"end":{"line":98,"column":null}},"45":{"start":{"line":95,"column":24},"end":{"line":95,"column":83}},"46":{"start":{"line":96,"column":24},"end":{"line":96,"column":55}},"47":{"start":{"line":97,"column":24},"end":{"line":97,"column":61}},"48":{"start":{"line":27,"column":6},"end":{"line":27,"column":null}},"49":{"start":{"line":56,"column":6},"end":{"line":63,"column":null}},"50":{"start":{"line":67,"column":6},"end":{"line":71,"column":null}},"51":{"start":{"line":75,"column":6},"end":{"line":88,"column":null}},"52":{"start":{"line":90,"column":6},"end":{"line":100,"column":null}},"53":{"start":{"line":23,"column":13},"end":{"line":101,"column":null}},"54":{"start":{"line":23,"column":13},"end":{"line":23,"column":29}}},"fnMap":{"0":{"name":"(anonymous_4)","decl":{"start":{"line":24,"column":6},"end":{"line":24,"column":35}},"loc":{"start":{"line":24,"column":81},"end":{"line":24,"column":85}}},"1":{"name":"(anonymous_5)","decl":{"start":{"line":29,"column":21},"end":{"line":29,"column":24}},"loc":{"start":{"line":29,"column":27},"end":{"line":29,"column":66}}},"2":{"name":"(anonymous_6)","decl":{"start":{"line":31,"column":14},"end":{"line":31,"column":19}},"loc":{"start":{"line":31,"column":63},"end":{"line":34,"column":7}}},"3":{"name":"(anonymous_7)","decl":{"start":{"line":36,"column":6},"end":{"line":36,"column":11}},"loc":{"start":{"line":36,"column":38},"end":{"line":39,"column":7}}},"4":{"name":"(anonymous_8)","decl":{"start":{"line":41,"column":6},"end":{"line":41,"column":11}},"loc":{"start":{"line":41,"column":59},"end":{"line":45,"column":7}}},"5":{"name":"(anonymous_9)","decl":{"start":{"line":47,"column":14},"end":{"line":47,"column":19}},"loc":{"start":{"line":47,"column":51},"end":{"line":52,"column":7}}},"6":{"name":"(anonymous_10)","decl":{"start":{"line":56,"column":6},"end":{"line":56,"column":11}},"loc":{"start":{"line":56,"column":143},"end":{"line":63,"column":7}}},"7":{"name":"(anonymous_11)","decl":{"start":{"line":67,"column":6},"end":{"line":67,"column":11}},"loc":{"start":{"line":67,"column":100},"end":{"line":71,"column":7}}},"8":{"name":"(anonymous_12)","decl":{"start":{"line":75,"column":6},"end":{"line":75,"column":11}},"loc":{"start":{"line":75,"column":100},"end":{"line":88,"column":7}}},"9":{"name":"(anonymous_13)","decl":{"start":{"line":90,"column":6},"end":{"line":90,"column":11}},"loc":{"start":{"line":90,"column":68},"end":{"line":100,"column":7}}}},"branchMap":{"0":{"loc":{"start":{"line":33,"column":12},"end":{"line":33,"column":145}},"type":"if","locations":[{"start":{"line":33,"column":12},"end":{"line":33,"column":145}},{"start":{"line":33,"column":12},"end":{"line":33,"column":145}}]},"1":{"loc":{"start":{"line":49,"column":12},"end":{"line":49,"column":125}},"type":"if","locations":[{"start":{"line":49,"column":12},"end":{"line":49,"column":125}},{"start":{"line":49,"column":12},"end":{"line":49,"column":125}}]},"2":{"loc":{"start":{"line":77,"column":12},"end":{"line":86,"column":null}},"type":"if","locations":[{"start":{"line":77,"column":12},"end":{"line":86,"column":null}},{"start":{"line":77,"column":12},"end":{"line":86,"column":null}}]},"3":{"loc":{"start":{"line":78,"column":65},"end":{"line":78,"column":66}},"type":"cond-expr","locations":[{"start":{"line":78,"column":65},"end":{"line":78,"column":66}},{"start":{"line":78,"column":69},"end":{"line":78,"column":70}}]},"4":{"loc":{"start":{"line":82,"column":18},"end":{"line":85,"column":null}},"type":"if","locations":[{"start":{"line":82,"column":18},"end":{"line":85,"column":null}},{"start":{"line":82,"column":18},"end":{"line":85,"column":null}}]},"5":{"loc":{"start":{"line":91,"column":12},"end":{"line":99,"column":null}},"type":"if","locations":[{"start":{"line":91,"column":12},"end":{"line":99,"column":null}},{"start":{"line":91,"column":12},"end":{"line":99,"column":null}}]},"6":{"loc":{"start":{"line":91,"column":34},"end":{"line":91,"column":36}},"type":"cond-expr","locations":[{"start":{"line":91,"column":34},"end":{"line":91,"column":36}},{"start":{"line":91,"column":34},"end":{"line":91,"column":41}}]},"7":{"loc":{"start":{"line":91,"column":16},"end":{"line":91,"column":36}},"type":"binary-expr","locations":[{"start":{"line":91,"column":16},"end":{"line":91,"column":36}},{"start":{"line":91,"column":34},"end":{"line":91,"column":36}}]},"8":{"loc":{"start":{"line":91,"column":27},"end":{"line":91,"column":29}},"type":"cond-expr","locations":[{"start":{"line":91,"column":27},"end":{"line":91,"column":29}},{"start":{"line":91,"column":27},"end":{"line":91,"column":34}}]},"9":{"loc":{"start":{"line":91,"column":16},"end":{"line":91,"column":29}},"type":"binary-expr","locations":[{"start":{"line":91,"column":16},"end":{"line":91,"column":29}},{"start":{"line":91,"column":27},"end":{"line":91,"column":29}}]},"10":{"loc":{"start":{"line":94,"column":18},"end":{"line":98,"column":null}},"type":"if","locations":[{"start":{"line":94,"column":18},"end":{"line":98,"column":null}},{"start":{"line":94,"column":18},"end":{"line":98,"column":null}}]}},"s":{"0":5,"1":5,"2":5,"3":5,"4":5,"5":5,"6":5,"7":5,"8":5,"9":5,"10":5,"11":5,"12":5,"13":19,"14":2,"15":2,"16":1,"17":12,"18":12,"19":1,"20":1,"21":8,"22":8,"23":1,"24":7,"25":2,"26":2,"27":1,"28":1,"29":1,"30":2,"31":1,"32":4,"33":4,"34":3,"35":3,"36":3,"37":3,"38":1,"39":1,"40":4,"41":14,"42":1,"43":1,"44":1,"45":1,"46":1,"47":1,"48":5,"49":5,"50":5,"51":5,"52":5,"53":5,"54":5},"f":{"0":5,"1":19,"2":2,"3":12,"4":1,"5":8,"6":2,"7":2,"8":4,"9":14},"b":{"0":[1,1],"1":[1,7],"2":[3,1],"3":[2,1],"4":[1,2],"5":[1,13],"6":[7,7],"7":[14,14],"8":[7,7],"9":[14,14],"10":[1,0]}}
,"E:\\server\\New folder\\server\\src\\ticTacToe\\ticTacToe.module.ts": {"path":"E:\\server\\New folder\\server\\src\\ticTacToe\\ticTacToe.module.ts","statementMap":{"0":{"start":{"line":1,"column":0},"end":{"line":1,"column":40}},"1":{"start":{"line":2,"column":0},"end":{"line":2,"column":48}},"2":{"start":{"line":5,"column":0},"end":{"line":5,"column":55}},"3":{"start":{"line":8,"column":0},"end":{"line":8,"column":67}},"4":{"start":{"line":9,"column":0},"end":{"line":9,"column":61}},"5":{"start":{"line":10,"column":0},"end":{"line":10,"column":55}},"6":{"start":{"line":13,"column":0},"end":{"line":13,"column":68}},"7":{"start":{"line":14,"column":0},"end":{"line":14,"column":76}},"8":{"start":{"line":17,"column":0},"end":{"line":17,"column":58}},"9":{"start":{"line":18,"column":0},"end":{"line":18,"column":49}},"10":{"start":{"line":19,"column":0},"end":{"line":19,"column":49}},"11":{"start":{"line":20,"column":0},"end":{"line":20,"column":49}},"12":{"start":{"line":23,"column":0},"end":{"line":23,"column":61}},"13":{"start":{"line":30,"column":0},"end":{"line":30,"column":null}},"14":{"start":{"line":30,"column":13},"end":{"line":30,"column":null}},"15":{"start":{"line":30,"column":13},"end":{"line":30,"column":28}}},"fnMap":{},"branchMap":{},"s":{"0":5,"1":5,"2":5,"3":5,"4":5,"5":5,"6":5,"7":5,"8":5,"9":5,"10":5,"11":5,"12":5,"13":5,"14":5,"15":5},"f":{},"b":{}}
,"E:\\server\\New folder\\server\\src\\ticTacToe\\ticTacToe.service.ts": {"path":"E:\\server\\New folder\\server\\src\\ticTacToe\\ticTacToe.service.ts","statementMap":{"0":{"start":{"line":1,"column":0},"end":{"line":1,"column":80}},"1":{"start":{"line":3,"column":0},"end":{"line":3,"column":44}},"2":{"start":{"line":4,"column":0},"end":{"line":4,"column":67}},"3":{"start":{"line":5,"column":0},"end":{"line":5,"column":61}},"4":{"start":{"line":14,"column":0},"end":{"line":135,"column":null}},"5":{"start":{"line":15,"column":35},"end":{"line":15,"column":59}},"6":{"start":{"line":18,"column":26},"end":{"line":18,"column":77}},"7":{"start":{"line":19,"column":12},"end":{"line":114,"column":null}},"8":{"start":{"line":20,"column":18},"end":{"line":48,"column":null}},"9":{"start":{"line":20,"column":31},"end":{"line":20,"column":32}},"10":{"start":{"line":21,"column":24},"end":{"line":48,"column":null}},"11":{"start":{"line":21,"column":37},"end":{"line":21,"column":38}},"12":{"start":{"line":22,"column":30},"end":{"line":47,"column":null}},"13":{"start":{"line":23,"column":66},"end":{"line":23,"column":83}},"14":{"start":{"line":25,"column":36},"end":{"line":46,"column":null}},"15":{"start":{"line":32,"column":42},"end":{"line":32,"column":64}},"16":{"start":{"line":33,"column":42},"end":{"line":33,"column":77}},"17":{"start":{"line":34,"column":64},"end":{"line":37,"column":null}},"18":{"start":{"line":39,"column":42},"end":{"line":39,"column":86}},"19":{"start":{"line":40,"column":42},"end":{"line":40,"column":85}},"20":{"start":{"line":41,"column":42},"end":{"line":41,"column":84}},"21":{"start":{"line":42,"column":42},"end":{"line":42,"column":82}},"22":{"start":{"line":43,"column":42},"end":{"line":43,"column":92}},"23":{"start":{"line":44,"column":42},"end":{"line":44,"column":106}},"24":{"start":{"line":45,"column":42},"end":{"line":45,"column":54}},"25":{"start":{"line":49,"column":18},"end":{"line":77,"column":null}},"26":{"start":{"line":49,"column":31},"end":{"line":49,"column":32}},"27":{"start":{"line":50,"column":24},"end":{"line":77,"column":null}},"28":{"start":{"line":50,"column":37},"end":{"line":50,"column":38}},"29":{"start":{"line":51,"column":30},"end":{"line":76,"column":null}},"30":{"start":{"line":52,"column":66},"end":{"line":52,"column":83}},"31":{"start":{"line":54,"column":36},"end":{"line":75,"column":null}},"32":{"start":{"line":61,"column":42},"end":{"line":61,"column":64}},"33":{"start":{"line":62,"column":42},"end":{"line":62,"column":77}},"34":{"start":{"line":63,"column":64},"end":{"line":66,"column":null}},"35":{"start":{"line":68,"column":42},"end":{"line":68,"column":86}},"36":{"start":{"line":69,"column":42},"end":{"line":69,"column":85}},"37":{"start":{"line":70,"column":42},"end":{"line":70,"column":84}},"38":{"start":{"line":71,"column":42},"end":{"line":71,"column":82}},"39":{"start":{"line":72,"column":42},"end":{"line":72,"column":92}},"40":{"start":{"line":73,"column":42},"end":{"line":73,"column":106}},"41":{"start":{"line":74,"column":42},"end":{"line":74,"column":54}},"42":{"start":{"line":79,"column":18},"end":{"line":112,"column":null}},"43":{"start":{"line":79,"column":31},"end":{"line":79,"column":32}},"44":{"start":{"line":80,"column":24},"end":{"line":112,"column":null}},"45":{"start":{"line":80,"column":37},"end":{"line":80,"column":38}},"46":{"start":{"line":81,"column":30},"end":{"line":111,"column":null}},"47":{"start":{"line":82,"column":66},"end":{"line":82,"column":83}},"48":{"start":{"line":84,"column":36},"end":{"line":110,"column":null}},"49":{"start":{"line":96,"column":42},"end":{"line":96,"column":64}},"50":{"start":{"line":97,"column":42},"end":{"line":97,"column":77}},"51":{"start":{"line":98,"column":64},"end":{"line":101,"column":null}},"52":{"start":{"line":103,"column":42},"end":{"line":103,"column":86}},"53":{"start":{"line":104,"column":42},"end":{"line":104,"column":85}},"54":{"start":{"line":105,"column":42},"end":{"line":105,"column":84}},"55":{"start":{"line":106,"column":42},"end":{"line":106,"column":82}},"56":{"start":{"line":107,"column":42},"end":{"line":107,"column":92}},"57":{"start":{"line":108,"column":42},"end":{"line":108,"column":106}},"58":{"start":{"line":109,"column":42},"end":{"line":109,"column":54}},"59":{"start":{"line":113,"column":18},"end":{"line":113,"column":31}},"60":{"start":{"line":118,"column":26},"end":{"line":118,"column":77}},"61":{"start":{"line":119,"column":12},"end":{"line":133,"column":null}},"62":{"start":{"line":120,"column":38},"end":{"line":120,"column":96}},"63":{"start":{"line":121,"column":18},"end":{"line":130,"column":38}},"64":{"start":{"line":122,"column":24},"end":{"line":122,"column":56}},"65":{"start":{"line":123,"column":24},"end":{"line":123,"column":63}},"66":{"start":{"line":124,"column":24},"end":{"line":124,"column":70}},"67":{"start":{"line":125,"column":44},"end":{"line":125,"column":54}},"68":{"start":{"line":126,"column":41},"end":{"line":126,"column":99}},"69":{"start":{"line":127,"column":24},"end":{"line":127,"column":66}},"70":{"start":{"line":128,"column":24},"end":{"line":128,"column":53}},"71":{"start":{"line":129,"column":24},"end":{"line":129,"column":74}},"72":{"start":{"line":130,"column":25},"end":{"line":130,"column":38}},"73":{"start":{"line":132,"column":18},"end":{"line":132,"column":30}},"74":{"start":{"line":14,"column":13},"end":{"line":135,"column":null}},"75":{"start":{"line":14,"column":13},"end":{"line":14,"column":29}}},"fnMap":{"0":{"name":"(anonymous_2)","decl":{"start":{"line":15,"column":6},"end":{"line":15,"column":35}},"loc":{"start":{"line":15,"column":81},"end":{"line":15,"column":85}}},"1":{"name":"(anonymous_3)","decl":{"start":{"line":17,"column":6},"end":{"line":17,"column":11}},"loc":{"start":{"line":17,"column":33},"end":{"line":115,"column":7}}},"2":{"name":"(anonymous_4)","decl":{"start":{"line":117,"column":6},"end":{"line":117,"column":11}},"loc":{"start":{"line":117,"column":89},"end":{"line":134,"column":7}}}},"branchMap":{"0":{"loc":{"start":{"line":19,"column":12},"end":{"line":114,"column":null}},"type":"if","locations":[{"start":{"line":19,"column":12},"end":{"line":114,"column":null}},{"start":{"line":19,"column":12},"end":{"line":114,"column":null}}]},"1":{"loc":{"start":{"line":22,"column":30},"end":{"line":47,"column":null}},"type":"if","locations":[{"start":{"line":22,"column":30},"end":{"line":47,"column":null}},{"start":{"line":22,"column":30},"end":{"line":47,"column":null}}]},"2":{"loc":{"start":{"line":25,"column":36},"end":{"line":46,"column":null}},"type":"if","locations":[{"start":{"line":25,"column":36},"end":{"line":46,"column":null}},{"start":{"line":25,"column":36},"end":{"line":46,"column":null}}]},"3":{"loc":{"start":{"line":27,"column":42},"end":{"line":27,"column":74}},"type":"binary-expr","locations":[{"start":{"line":27,"column":42},"end":{"line":27,"column":74}},{"start":{"line":28,"column":42},"end":{"line":28,"column":74}},{"start":{"line":29,"column":42},"end":{"line":29,"column":74}},{"start":{"line":30,"column":42},"end":{"line":30,"column":74}}]},"4":{"loc":{"start":{"line":51,"column":30},"end":{"line":76,"column":null}},"type":"if","locations":[{"start":{"line":51,"column":30},"end":{"line":76,"column":null}},{"start":{"line":51,"column":30},"end":{"line":76,"column":null}}]},"5":{"loc":{"start":{"line":54,"column":36},"end":{"line":75,"column":null}},"type":"if","locations":[{"start":{"line":54,"column":36},"end":{"line":75,"column":null}},{"start":{"line":54,"column":36},"end":{"line":75,"column":null}}]},"6":{"loc":{"start":{"line":56,"column":42},"end":{"line":56,"column":74}},"type":"binary-expr","locations":[{"start":{"line":56,"column":42},"end":{"line":56,"column":74}},{"start":{"line":57,"column":42},"end":{"line":57,"column":74}},{"start":{"line":58,"column":42},"end":{"line":58,"column":74}},{"start":{"line":59,"column":42},"end":{"line":59,"column":74}}]},"7":{"loc":{"start":{"line":81,"column":30},"end":{"line":111,"column":null}},"type":"if","locations":[{"start":{"line":81,"column":30},"end":{"line":111,"column":null}},{"start":{"line":81,"column":30},"end":{"line":111,"column":null}}]},"8":{"loc":{"start":{"line":84,"column":36},"end":{"line":110,"column":null}},"type":"if","locations":[{"start":{"line":84,"column":36},"end":{"line":110,"column":null}},{"start":{"line":84,"column":36},"end":{"line":110,"column":null}}]},"9":{"loc":{"start":{"line":86,"column":43},"end":{"line":86,"column":79}},"type":"binary-expr","locations":[{"start":{"line":86,"column":43},"end":{"line":86,"column":79}},{"start":{"line":87,"column":48},"end":{"line":87,"column":84}},{"start":{"line":88,"column":48},"end":{"line":88,"column":84}},{"start":{"line":89,"column":48},"end":{"line":89,"column":84}},{"start":{"line":91,"column":43},"end":{"line":91,"column":79}},{"start":{"line":92,"column":48},"end":{"line":92,"column":84}},{"start":{"line":93,"column":48},"end":{"line":93,"column":84}},{"start":{"line":94,"column":48},"end":{"line":94,"column":84}}]},"10":{"loc":{"start":{"line":119,"column":12},"end":{"line":133,"column":null}},"type":"if","locations":[{"start":{"line":119,"column":12},"end":{"line":133,"column":null}},{"start":{"line":119,"column":12},"end":{"line":133,"column":null}}]},"11":{"loc":{"start":{"line":120,"column":58},"end":{"line":120,"column":76}},"type":"cond-expr","locations":[{"start":{"line":120,"column":58},"end":{"line":120,"column":76}},{"start":{"line":120,"column":79},"end":{"line":120,"column":96}}]},"12":{"loc":{"start":{"line":121,"column":18},"end":{"line":130,"column":38}},"type":"if","locations":[{"start":{"line":121,"column":18},"end":{"line":130,"column":38}},{"start":{"line":121,"column":18},"end":{"line":130,"column":38}}]},"13":{"loc":{"start":{"line":121,"column":22},"end":{"line":121,"column":49}},"type":"binary-expr","locations":[{"start":{"line":121,"column":22},"end":{"line":121,"column":49}},{"start":{"line":121,"column":53},"end":{"line":121,"column":77}}]}},"s":{"0":5,"1":5,"2":5,"3":5,"4":5,"5":5,"6":14,"7":14,"8":13,"9":13,"10":121,"11":121,"12":1681,"13":26,"14":26,"15":1,"16":1,"17":1,"18":1,"19":1,"20":1,"21":1,"22":1,"23":1,"24":1,"25":12,"26":12,"27":155,"28":155,"29":1541,"30":25,"31":25,"32":1,"33":1,"34":1,"35":1,"36":1,"37":1,"38":1,"39":1,"40":1,"41":1,"42":11,"43":11,"44":75,"45":75,"46":715,"47":12,"48":12,"49":4,"50":4,"51":4,"52":4,"53":4,"54":4,"55":4,"56":4,"57":4,"58":4,"59":7,"60":12,"61":12,"62":11,"63":11,"64":8,"65":8,"66":8,"67":8,"68":8,"69":8,"70":8,"71":8,"72":3,"73":8,"74":5,"75":5},"f":{"0":5,"1":14,"2":12},"b":{"0":[13,1],"1":[26,1655],"2":[1,25],"3":[26,3,2,1],"4":[25,1516],"5":[1,24],"6":[25,3,2,1],"7":[12,703],"8":[4,8],"9":[12,7,6,4,9,2,1,1],"10":[11,1],"11":[6,5],"12":[8,3],"13":[11,9]}}
,"E:\\server\\New folder\\server\\src\\ticTacToe\\entity\\ticTacToe.entity.ts": {"path":"E:\\server\\New folder\\server\\src\\ticTacToe\\entity\\ticTacToe.entity.ts","statementMap":{"0":{"start":{"line":1,"column":0},"end":{"line":1,"column":99}},"1":{"start":{"line":4,"column":0},"end":{"line":4,"column":71}},"2":{"start":{"line":5,"column":0},"end":{"line":5,"column":55}},"3":{"start":{"line":6,"column":0},"end":{"line":6,"column":55}},"4":{"start":{"line":9,"column":0},"end":{"line":42,"column":null}},"5":{"start":{"line":39,"column":12},"end":{"line":39,"column":40}},"6":{"start":{"line":40,"column":12},"end":{"line":40,"column":46}},"7":{"start":{"line":11,"column":6},"end":{"line":11,"column":null}},"8":{"start":{"line":15,"column":6},"end":{"line":15,"column":null}},"9":{"start":{"line":13,"column":24},"end":{"line":13,"column":28}},"10":{"start":{"line":18,"column":6},"end":{"line":18,"column":null}},"11":{"start":{"line":21,"column":6},"end":{"line":21,"column":null}},"12":{"start":{"line":24,"column":6},"end":{"line":24,"column":null}},"13":{"start":{"line":27,"column":6},"end":{"line":27,"column":null}},"14":{"start":{"line":30,"column":6},"end":{"line":30,"column":null}},"15":{"start":{"line":33,"column":6},"end":{"line":33,"column":null}},"16":{"start":{"line":32,"column":23},"end":{"line":32,"column":36}},"17":{"start":{"line":32,"column":48},"end":{"line":32,"column":62}},"18":{"start":{"line":36,"column":6},"end":{"line":36,"column":null}},"19":{"start":{"line":9,"column":13},"end":{"line":42,"column":null}},"20":{"start":{"line":9,"column":13},"end":{"line":9,"column":22}}},"fnMap":{"0":{"name":"(anonymous_2)","decl":{"start":{"line":38,"column":6},"end":{"line":38,"column":null}},"loc":{"start":{"line":38,"column":6},"end":{"line":41,"column":7}}},"1":{"name":"(anonymous_3)","decl":{"start":{"line":13,"column":18},"end":{"line":13,"column":21}},"loc":{"start":{"line":13,"column":24},"end":{"line":13,"column":28}}},"2":{"name":"(anonymous_4)","decl":{"start":{"line":32,"column":17},"end":{"line":32,"column":20}},"loc":{"start":{"line":32,"column":23},"end":{"line":32,"column":36}}},"3":{"name":"(anonymous_5)","decl":{"start":{"line":32,"column":38},"end":{"line":32,"column":39}},"loc":{"start":{"line":32,"column":48},"end":{"line":32,"column":62}}}},"branchMap":{},"s":{"0":5,"1":5,"2":5,"3":5,"4":5,"5":33,"6":33,"7":5,"8":5,"9":5,"10":5,"11":5,"12":5,"13":5,"14":5,"15":5,"16":5,"17":5,"18":5,"19":5,"20":5},"f":{"0":33,"1":5,"2":5,"3":5},"b":{}}
,"E:\\server\\New folder\\server\\src\\ticTacToe\\entity\\ticTacToe.interface.ts": {"path":"E:\\server\\New folder\\server\\src\\ticTacToe\\entity\\ticTacToe.interface.ts","statementMap":{"0":{"start":{"line":18,"column":0},"end":{"line":18,"column":null}},"1":{"start":{"line":19,"column":6},"end":{"line":19,"column":null}},"2":{"start":{"line":20,"column":6},"end":{"line":20,"column":null}},"3":{"start":{"line":21,"column":6},"end":{"line":21,"column":null}},"4":{"start":{"line":24,"column":0},"end":{"line":24,"column":null}},"5":{"start":{"line":25,"column":6},"end":{"line":25,"column":null}},"6":{"start":{"line":26,"column":6},"end":{"line":26,"column":null}},"7":{"start":{"line":27,"column":6},"end":{"line":27,"column":null}},"8":{"start":{"line":28,"column":6},"end":{"line":28,"column":null}}},"fnMap":{"0":{"name":"(anonymous_0)","decl":{"start":{"line":18,"column":0},"end":{"line":18,"column":12}},"loc":{"start":{"line":18,"column":25},"end":{"line":22,"column":1}}},"1":{"name":"(anonymous_1)","decl":{"start":{"line":24,"column":0},"end":{"line":24,"column":12}},"loc":{"start":{"line":24,"column":27},"end":{"line":29,"column":1}}}},"branchMap":{"0":{"loc":{"start":{"line":18,"column":12},"end":{"line":18,"column":25}},"type":"binary-expr","locations":[{"start":{"line":18,"column":12},"end":{"line":18,"column":25}},{"start":{"line":18,"column":12},"end":{"line":18,"column":null}}]},"1":{"loc":{"start":{"line":24,"column":12},"end":{"line":24,"column":27}},"type":"binary-expr","locations":[{"start":{"line":24,"column":12},"end":{"line":24,"column":27}},{"start":{"line":24,"column":12},"end":{"line":24,"column":null}}]}},"s":{"0":5,"1":5,"2":5,"3":5,"4":5,"5":5,"6":5,"7":5,"8":5},"f":{"0":5,"1":5},"b":{"0":[5,5],"1":[5,5]}}
,"E:\\server\\New folder\\server\\src\\ticTacToe\\entity\\ticTacToe.repository.ts": {"path":"E:\\server\\New folder\\server\\src\\ticTacToe\\entity\\ticTacToe.repository.ts","statementMap":{"0":{"start":{"line":1,"column":0},"end":{"line":1,"column":58}},"1":{"start":{"line":4,"column":0},"end":{"line":4,"column":47}},"2":{"start":{"line":7,"column":0},"end":{"line":7,"column":78}},"3":{"start":{"line":10,"column":0},"end":{"line":28,"column":null}},"4":{"start":{"line":11,"column":6},"end":{"line":27,"column":70}},"5":{"start":{"line":12,"column":12},"end":{"line":27,"column":69}},"6":{"start":{"line":10,"column":13},"end":{"line":28,"column":null}},"7":{"start":{"line":10,"column":13},"end":{"line":10,"column":32}}},"fnMap":{"0":{"name":"(anonymous_1)","decl":{"start":{"line":10,"column":0},"end":{"line":10,"column":13}},"loc":{"start":{"line":10,"column":0},"end":{"line":28,"column":1}}},"1":{"name":"(anonymous_2)","decl":{"start":{"line":11,"column":22},"end":{"line":11,"column":25}},"loc":{"start":{"line":12,"column":12},"end":{"line":27,"column":69}}}},"branchMap":{},"s":{"0":5,"1":5,"2":5,"3":5,"4":5,"5":2,"6":5,"7":5},"f":{"0":5,"1":2},"b":{}}
}
