TN:
SF:E:\server\New folder\server\src\ticTacToe\ticTacToe.controller.ts
FN:30,(anonymous_4)
FN:37,(anonymous_5)
FN:43,(anonymous_6)
FN:49,(anonymous_7)
FN:56,(anonymous_8)
FN:68,(anonymous_9)
FN:76,(anonymous_10)
FN:85,(anonymous_11)
FN:98,(anonymous_12)
FN:110,(anonymous_13)
FN:124,(anonymous_14)
FN:138,(anonymous_15)
FN:152,(anonymous_16)
FN:165,(anonymous_17)
FN:191,(anonymous_18)
FN:208,(anonymous_19)
FN:215,(anonymous_20)
FN:226,(anonymous_21)
FNF:18
FNH:17
FNDA:5,(anonymous_4)
FNDA:19,(anonymous_5)
FNDA:25,(anonymous_6)
FNDA:6,(anonymous_7)
FNDA:0,(anonymous_8)
FNDA:1,(anonymous_9)
FNDA:1,(anonymous_10)
FNDA:3,(anonymous_11)
FNDA:1,(anonymous_12)
FNDA:3,(anonymous_13)
FNDA:3,(anonymous_14)
FNDA:1,(anonymous_15)
FNDA:1,(anonymous_16)
FNDA:6,(anonymous_17)
FNDA:2,(anonymous_18)
FNDA:4,(anonymous_19)
FNDA:6,(anonymous_20)
FNDA:2,(anonymous_21)
DA:1,5
DA:5,5
DA:6,5
DA:7,5
DA:8,5
DA:11,5
DA:14,5
DA:18,5
DA:21,5
DA:22,5
DA:23,5
DA:26,5
DA:29,5
DA:31,5
DA:32,5
DA:33,5
DA:34,5
DA:38,19
DA:39,19
DA:40,18
DA:44,25
DA:45,25
DA:46,24
DA:50,6
DA:51,1
DA:56,5
DA:57,0
DA:58,0
DA:59,0
DA:61,0
DA:62,0
DA:64,0
DA:68,5
DA:69,1
DA:71,1
DA:76,5
DA:77,1
DA:79,1
DA:85,5
DA:86,3
DA:87,2
DA:88,1
DA:90,1
DA:92,1
DA:93,1
DA:98,5
DA:99,1
DA:100,1
DA:101,1
DA:102,1
DA:103,1
DA:105,1
DA:110,5
DA:111,3
DA:112,3
DA:113,1
DA:115,2
DA:116,2
DA:118,2
DA:124,5
DA:125,3
DA:126,3
DA:127,3
DA:128,2
DA:129,2
DA:131,1
DA:132,1
DA:138,5
DA:139,1
DA:140,1
DA:142,1
DA:143,1
DA:145,1
DA:146,1
DA:152,5
DA:153,1
DA:155,1
DA:156,1
DA:158,1
DA:159,1
DA:165,5
DA:166,6
DA:167,6
DA:168,1
DA:170,5
DA:172,4
DA:173,4
DA:174,4
DA:175,3
DA:176,3
DA:177,2
DA:178,2
DA:179,2
DA:180,1
DA:181,2
DA:184,3
DA:185,3
DA:191,5
DA:192,2
DA:193,2
DA:195,2
DA:197,2
DA:198,1
DA:200,1
DA:201,1
DA:202,1
DA:208,5
DA:209,4
DA:210,4
DA:212,4
DA:213,1
DA:215,6
DA:216,3
DA:217,1
DA:218,2
DA:220,2
DA:221,2
DA:226,5
DA:227,2
DA:229,2
DA:230,1
DA:232,1
DA:234,1
DA:236,1
DA:237,1
LF:125
LH:119
BRDA:39,0,0,1
BRDA:39,0,1,18
BRDA:45,1,0,1
BRDA:45,1,1,24
BRDA:50,2,0,1
BRDA:50,2,1,5
BRDA:58,3,0,0
BRDA:58,3,1,0
BRDA:62,4,0,0
BRDA:62,4,1,0
BRDA:112,5,0,1
BRDA:112,5,1,2
BRDA:116,6,0,1
BRDA:116,6,1,1
BRDA:116,7,0,2
BRDA:116,7,1,1
BRDA:129,8,0,1
BRDA:129,8,1,1
BRDA:167,9,0,1
BRDA:167,9,1,5
BRDA:170,10,0,1
BRDA:170,10,1,4
BRDA:174,11,0,1
BRDA:174,11,1,3
BRDA:176,12,0,2
BRDA:176,12,1,1
BRDA:176,13,0,3
BRDA:176,13,1,3
BRDA:179,14,0,1
BRDA:179,14,1,1
BRDA:197,15,0,1
BRDA:197,15,1,1
BRDA:212,16,0,1
BRDA:212,16,1,3
BRDA:216,17,0,1
BRDA:216,17,1,2
BRDA:229,18,0,1
BRDA:229,18,1,1
BRF:38
BRH:34
end_of_record
TN:
SF:E:\server\New folder\server\src\ticTacToe\ticTacToe.gateway.ts
FN:24,(anonymous_4)
FN:29,(anonymous_5)
FN:31,(anonymous_6)
FN:36,(anonymous_7)
FN:41,(anonymous_8)
FN:47,(anonymous_9)
FN:56,(anonymous_10)
FN:67,(anonymous_11)
FN:75,(anonymous_12)
FN:90,(anonymous_13)
FNF:10
FNH:10
FNDA:5,(anonymous_4)
FNDA:19,(anonymous_5)
FNDA:2,(anonymous_6)
FNDA:12,(anonymous_7)
FNDA:1,(anonymous_8)
FNDA:8,(anonymous_9)
FNDA:2,(anonymous_10)
FNDA:2,(anonymous_11)
FNDA:4,(anonymous_12)
FNDA:14,(anonymous_13)
DA:1,5
DA:2,5
DA:3,5
DA:6,5
DA:9,5
DA:10,5
DA:15,5
DA:18,5
DA:19,5
DA:20,5
DA:23,5
DA:24,5
DA:27,5
DA:29,19
DA:32,2
DA:33,2
DA:37,12
DA:38,12
DA:42,1
DA:44,1
DA:48,8
DA:49,8
DA:51,7
DA:56,5
DA:57,2
DA:58,2
DA:59,1
DA:60,1
DA:62,1
DA:67,5
DA:68,2
DA:70,1
DA:75,5
DA:76,4
DA:77,4
DA:78,3
DA:79,3
DA:80,3
DA:82,3
DA:83,1
DA:84,1
DA:87,4
DA:90,5
DA:91,14
DA:92,1
DA:93,1
DA:94,1
DA:95,1
DA:96,1
DA:97,1
LF:50
LH:50
BRDA:33,0,0,1
BRDA:33,0,1,1
BRDA:49,1,0,1
BRDA:49,1,1,7
BRDA:77,2,0,3
BRDA:77,2,1,1
BRDA:78,3,0,2
BRDA:78,3,1,1
BRDA:82,4,0,1
BRDA:82,4,1,2
BRDA:91,5,0,1
BRDA:91,5,1,13
BRDA:91,6,0,7
BRDA:91,6,1,7
BRDA:91,7,0,14
BRDA:91,7,1,14
BRDA:91,8,0,7
BRDA:91,8,1,7
BRDA:91,9,0,14
BRDA:91,9,1,14
BRDA:94,10,0,1
BRDA:94,10,1,0
BRF:22
BRH:21
end_of_record
TN:
SF:E:\server\New folder\server\src\ticTacToe\ticTacToe.module.ts
FNF:0
FNH:0
DA:1,5
DA:2,5
DA:5,5
DA:8,5
DA:9,5
DA:10,5
DA:13,5
DA:14,5
DA:17,5
DA:18,5
DA:19,5
DA:20,5
DA:23,5
DA:30,5
LF:14
LH:14
BRF:0
BRH:0
end_of_record
TN:
SF:E:\server\New folder\server\src\ticTacToe\ticTacToe.service.ts
FN:15,(anonymous_2)
FN:17,(anonymous_3)
FN:117,(anonymous_4)
FNF:3
FNH:3
FNDA:5,(anonymous_2)
FNDA:14,(anonymous_3)
FNDA:12,(anonymous_4)
DA:1,5
DA:3,5
DA:4,5
DA:5,5
DA:14,5
DA:15,5
DA:18,14
DA:19,14
DA:20,13
DA:21,121
DA:22,1681
DA:23,26
DA:25,26
DA:32,1
DA:33,1
DA:34,1
DA:39,1
DA:40,1
DA:41,1
DA:42,1
DA:43,1
DA:44,1
DA:45,1
DA:49,12
DA:50,155
DA:51,1541
DA:52,25
DA:54,25
DA:61,1
DA:62,1
DA:63,1
DA:68,1
DA:69,1
DA:70,1
DA:71,1
DA:72,1
DA:73,1
DA:74,1
DA:79,11
DA:80,75
DA:81,715
DA:82,12
DA:84,12
DA:96,4
DA:97,4
DA:98,4
DA:103,4
DA:104,4
DA:105,4
DA:106,4
DA:107,4
DA:108,4
DA:109,4
DA:113,7
DA:118,12
DA:119,12
DA:120,11
DA:121,11
DA:122,8
DA:123,8
DA:124,8
DA:125,8
DA:126,8
DA:127,8
DA:128,8
DA:129,8
DA:130,3
DA:132,8
LF:68
LH:68
BRDA:19,0,0,13
BRDA:19,0,1,1
BRDA:22,1,0,26
BRDA:22,1,1,1655
BRDA:25,2,0,1
BRDA:25,2,1,25
BRDA:27,3,0,26
BRDA:27,3,1,3
BRDA:27,3,2,2
BRDA:27,3,3,1
BRDA:51,4,0,25
BRDA:51,4,1,1516
BRDA:54,5,0,1
BRDA:54,5,1,24
BRDA:56,6,0,25
BRDA:56,6,1,3
BRDA:56,6,2,2
BRDA:56,6,3,1
BRDA:81,7,0,12
BRDA:81,7,1,703
BRDA:84,8,0,4
BRDA:84,8,1,8
BRDA:86,9,0,12
BRDA:86,9,1,7
BRDA:86,9,2,6
BRDA:86,9,3,4
BRDA:86,9,4,9
BRDA:86,9,5,2
BRDA:86,9,6,1
BRDA:86,9,7,1
BRDA:119,10,0,11
BRDA:119,10,1,1
BRDA:120,11,0,6
BRDA:120,11,1,5
BRDA:121,12,0,8
BRDA:121,12,1,3
BRDA:121,13,0,11
BRDA:121,13,1,9
BRF:38
BRH:38
end_of_record
TN:
SF:E:\server\New folder\server\src\ticTacToe\entity\ticTacToe.entity.ts
FN:38,(anonymous_2)
FN:13,(anonymous_3)
FN:32,(anonymous_4)
FN:32,(anonymous_5)
FNF:4
FNH:4
FNDA:33,(anonymous_2)
FNDA:5,(anonymous_3)
FNDA:5,(anonymous_4)
FNDA:5,(anonymous_5)
DA:1,5
DA:4,5
DA:5,5
DA:6,5
DA:9,5
DA:11,5
DA:13,5
DA:15,5
DA:18,5
DA:21,5
DA:24,5
DA:27,5
DA:30,5
DA:32,5
DA:33,5
DA:36,5
DA:39,33
DA:40,33
LF:18
LH:18
BRF:0
BRH:0
end_of_record
TN:
SF:E:\server\New folder\server\src\ticTacToe\entity\ticTacToe.interface.ts
FN:18,(anonymous_0)
FN:24,(anonymous_1)
FNF:2
FNH:2
FNDA:5,(anonymous_0)
FNDA:5,(anonymous_1)
DA:18,5
DA:19,5
DA:20,5
DA:21,5
DA:24,5
DA:25,5
DA:26,5
DA:27,5
DA:28,5
LF:9
LH:9
BRDA:18,0,0,5
BRDA:18,0,1,5
BRDA:24,1,0,5
BRDA:24,1,1,5
BRF:4
BRH:4
end_of_record
TN:
SF:E:\server\New folder\server\src\ticTacToe\entity\ticTacToe.repository.ts
FN:10,(anonymous_1)
FN:11,(anonymous_2)
FNF:2
FNH:2
FNDA:5,(anonymous_1)
FNDA:2,(anonymous_2)
DA:1,5
DA:4,5
DA:7,5
DA:10,5
DA:11,5
DA:12,2
LF:6
LH:6
BRF:0
BRH:0
end_of_record
